{
  "RSpec": {
    "coverage": {
      "/Users/hughcavanagh/Documents/Coding/Weekend Challenges/instagram-challenge/spec/features/sign_up_spec.rb": {
        "lines": [
          1,
          null,
          1,
          1,
          1,
          1,
          1,
          1,
          1,
          1,
          null,
          null,
          null,
          null
        ]
      },
      "/Users/hughcavanagh/Documents/Coding/Weekend Challenges/instagram-challenge/app/controllers/application_controller.rb": {
        "lines": [
          1,
          null,
          1,
          null,
          1,
          null,
          1,
          1,
          1,
          null,
          null,
          null
        ]
      }
    },
    "timestamp": 1614511864
  }
}
